<?xml version="1.0" encoding="UTF-8"?>
<!-- Generated by org.testng.reporters.JUnitReportReporter -->
<testsuite hostname="win2019" failures="0" tests="1" name="com.Browser_commands.TestBrowserCommands" time="4.834" errors="0" timestamp="2024-08-20T02:11:29 PDT" skipped="0">
  <testcase classname="com.Browser_commands.TestBrowserCommands" name="BrowserCommandTest" time="4.834"/>
  <system-out/>
</testsuite> <!-- com.Browser_commands.TestBrowserCommands -->
